Watching for file changes with StatReloader
Waiting for apps ready_event.
Apps ready_event triggered. Sending autoreload_started signal.
Watching dir /home/tt/Documentos/gameside/.venv/lib/python3.12/site-packages/colorfield/templates with glob **/*.
Watching dir /home/tt/Documentos/gameside/locale with glob **/*.mo.
Watching dir /home/tt/Documentos/gameside/shared/locale with glob **/*.mo.
Watching dir /home/tt/Documentos/gameside/games/locale with glob **/*.mo.
Watching dir /home/tt/Documentos/gameside/platforms/locale with glob **/*.mo.
Watching dir /home/tt/Documentos/gameside/categories/locale with glob **/*.mo.
Watching dir /home/tt/Documentos/gameside/orders/locale with glob **/*.mo.
Watching dir /home/tt/Documentos/gameside/users/locale with glob **/*.mo.
Watching dir /home/tt/Documentos/gameside/.venv/lib/python3.12/site-packages/colorfield/locale with glob **/*.mo.
File /home/tt/Documentos/gameside/.venv/lib/python3.12/site-packages/colorfield/utils.py first seen with mtime 1738706892.055664
File /home/tt/Documentos/gameside/.venv/lib/python3.12/site-packages/django/utils/timezone.py first seen with mtime 1738706892.7686589
File /home/tt/Documentos/gameside/platforms/serializers.py first seen with mtime 1738928511.685995
File /usr/lib/python3.12/_compression.py first seen with mtime 1730917939.0
File /usr/lib/python3.12/zoneinfo/_tzpath.py first seen with mtime 1730917939.0
File /home/tt/Documentos/gameside/.venv/lib/python3.12/site-packages/django/core/validators.py first seen with mtime 1738706892.7086594
File /usr/lib/python3.12/lib-dynload/_asyncio.cpython-312-x86_64-linux-gnu.so first seen with mtime 1730917939.0
File /usr/lib/python3.12/pkgutil.py first seen with mtime 1730917939.0
File /home/tt/Documentos/gameside/.venv/lib/python3.12/site-packages/django/db/models/fields/proxy.py first seen with mtime 1738706892.739659
File /home/tt/Documentos/gameside/.venv/lib/python3.12/site-packages/django/templatetags/i18n.py first seen with mtime 1738706892.760659
File /home/tt/Documentos/gameside/.venv/lib/python3.12/site-packages/django/core/files/temp.py first seen with mtime 1738706892.7086594
File /home/tt/Documentos/gameside/.venv/lib/python3.12/site-packages/django/contrib/contenttypes/fields.py first seen with mtime 1738706892.3976617
File /home/tt/Documentos/gameside/.venv/lib/python3.12/site-packages/django/core/mail/utils.py first seen with mtime 1738706892.7146592
File /usr/lib/python3.12/wsgiref/__init__.py first seen with mtime 1730917939.0
File /usr/lib/python3.12/http/cookies.py first seen with mtime 1730917939.0
File /home/tt/Documentos/gameside/.venv/lib/python3.12/site-packages/django/db/migrations/operations/base.py first seen with mtime 1738706892.732659
File /home/tt/Documentos/gameside/.venv/lib/python3.12/site-packages/sqlparse/filters/__init__.py first seen with mtime 1738706889.712682
File /home/tt/Documentos/gameside/platforms/views.py first seen with mtime 1738707042.9212706
File /home/tt/Documentos/gameside/orders/apps.py first seen with mtime 1738706813.655423
File /home/tt/Documentos/gameside/.venv/lib/python3.12/site-packages/django/core/exceptions.py first seen with mtime 1738706892.7086594
File /home/tt/Documentos/gameside/.venv/lib/python3.12/site-packages/django/contrib/admin/checks.py first seen with mtime 1738706892.1736631
File /home/tt/Documentos/gameside/.venv/lib/python3.12/site-packages/django/dispatch/__init__.py first seen with mtime 1738706892.7416592
File /home/tt/Documentos/gameside/.venv/lib/python3.12/site-packages/django/urls/utils.py first seen with mtime 1738706892.760659
File /usr/lib/python3.12/lib-dynload/termios.cpython-312-x86_64-linux-gnu.so first seen with mtime 1730917939.0
File /home/tt/Documentos/gameside/.venv/lib/python3.12/site-packages/django/utils/timesince.py first seen with mtime 1738706892.7686589
File /home/tt/Documentos/gameside/.venv/lib/python3.12/site-packages/django/contrib/sites/__init__.py first seen with mtime 1738706892.6776595
File /home/tt/Documentos/gameside/.venv/lib/python3.12/site-packages/django/db/models/functions/text.py first seen with mtime 1738706892.7416592
File /home/tt/Documentos/gameside/.venv/lib/python3.12/site-packages/django/utils/dateformat.py first seen with mtime 1738706892.760659
File /home/tt/Documentos/gameside/.venv/lib/python3.12/site-packages/django/utils/http.py first seen with mtime 1738706892.760659
File /usr/lib/python3.12/types.py first seen with mtime 1730917939.0
File /usr/lib/python3.12/email/contentmanager.py first seen with mtime 1730917939.0
File /usr/lib/python3.12/lib-dynload/_sqlite3.cpython-312-x86_64-linux-gnu.so first seen with mtime 1730917939.0
File /home/tt/Documentos/gameside/.venv/lib/python3.12/site-packages/django/forms/boundfield.py first seen with mtime 1738706892.7416592
File /home/tt/Documentos/gameside/.venv/lib/python3.12/site-packages/django/contrib/contenttypes/apps.py first seen with mtime 1738706892.3976617
File /usr/lib/python3.12/email/errors.py first seen with mtime 1730917939.0
File /home/tt/Documentos/gameside/.venv/lib/python3.12/site-packages/django/db/models/sql/constants.py first seen with mtime 1738706892.7416592
File /usr/lib/python3.12/html/parser.py first seen with mtime 1730917939.0
File /home/tt/Documentos/gameside/.venv/lib/python3.12/site-packages/django/forms/forms.py first seen with mtime 1738706892.7416592
File /home/tt/Documentos/gameside/.venv/lib/python3.12/site-packages/django/contrib/staticfiles/views.py first seen with mtime 1738706892.7006593
File /usr/lib/python3.12/locale.py first seen with mtime 1730917939.0
File /usr/lib/python3.12/asyncio/__init__.py first seen with mtime 1730917939.0
File /home/tt/Documentos/gameside/.venv/lib/python3.12/site-packages/django/contrib/auth/decorators.py first seen with mtime 1738706892.346662
File /home/tt/Documentos/gameside/.venv/lib/python3.12/site-packages/django/views/decorators/debug.py first seen with mtime 1738706892.771659
File /usr/lib/python3.12/lib-dynload/_lzma.cpython-312-x86_64-linux-gnu.so first seen with mtime 1730917939.0
File /home/tt/Documentos/gameside/.venv/lib/python3.12/site-packages/django/core/management/commands/__init__.py first seen with mtime 1738706892.7146592
File /home/tt/Documentos/gameside/.venv/lib/python3.12/site-packages/django/core/files/storage/handler.py first seen with mtime 1738706892.7086594
File /usr/lib/python3.12/html/entities.py first seen with mtime 1730917939.0
File /usr/lib/python3.12/email/header.py first seen with mtime 1730917939.0
File /home/tt/Documentos/gameside/.venv/lib/python3.12/site-packages/asgiref/local.py first seen with mtime 1738706891.2956698
File /home/tt/Documentos/gameside/.venv/lib/python3.12/site-packages/django/db/models/fields/json.py first seen with mtime 1738706892.739659
File /home/tt/Documentos/gameside/.venv/lib/python3.12/site-packages/django/views/generic/base.py first seen with mtime 1738706892.771659
File /usr/lib/python3.12/email/headerregistry.py first seen with mtime 1730917939.0
File /home/tt/Documentos/gameside/.venv/lib/python3.12/site-packages/django/db/migrations/migration.py first seen with mtime 1738706892.7286592
File /home/tt/Documentos/gameside/games/admin.py first seen with mtime 1738706813.6544228
File /home/tt/Documentos/gameside/.venv/lib/python3.12/site-packages/sqlparse/engine/__init__.py first seen with mtime 1738706889.712682
File /home/tt/Documentos/gameside/.venv/lib/python3.12/site-packages/django/core/checks/security/sessions.py first seen with mtime 1738706892.7086594
File /home/tt/Documentos/gameside/users/__init__.py first seen with mtime 1738706813.6704228
File /usr/lib/python3.12/keyword.py first seen with mtime 1730917939.0
File /usr/lib/python3.12/email/parser.py first seen with mtime 1730917939.0
File /home/tt/Documentos/gameside/.venv/lib/python3.12/site-packages/django/db/models/indexes.py first seen with mtime 1738706892.7346592
File /home/tt/Documentos/gameside/.venv/lib/python3.12/site-packages/django/contrib/auth/management/__init__.py first seen with mtime 1738706892.3946617
File /home/tt/Documentos/gameside/.venv/lib/python3.12/site-packages/django/core/checks/security/base.py first seen with mtime 1738706892.7086594
File /home/tt/Documentos/gameside/games/views.py first seen with mtime 1739133395.634279
File /home/tt/Documentos/gameside/.venv/lib/python3.12/site-packages/django/core/management/commands/runserver.py first seen with mtime 1738706892.7146592
File /home/tt/Documentos/gameside/.venv/lib/python3.12/site-packages/django/core/__init__.py first seen with mtime 1738706892.7006593
File /home/tt/Documentos/gameside/.venv/lib/python3.12/site-packages/django/templatetags/cache.py first seen with mtime 1738706892.754659
File /usr/lib/python3.12/email/_header_value_parser.py first seen with mtime 1730917939.0
File /home/tt/Documentos/gameside/.venv/lib/python3.12/site-packages/django/contrib/auth/models.py first seen with mtime 1738706892.346662
File /home/tt/Documentos/gameside/.venv/lib/python3.12/site-packages/django/core/servers/basehttp.py first seen with mtime 1738706892.7206593
File /usr/lib/python3.12/logging/handlers.py first seen with mtime 1730917939.0
File /usr/lib/python3.12/email/_parseaddr.py first seen with mtime 1730917939.0
File /home/tt/Documentos/gameside/.venv/lib/python3.12/site-packages/django/db/models/options.py first seen with mtime 1738706892.736659
File /home/tt/Documentos/gameside/.venv/lib/python3.12/site-packages/django/utils/connection.py first seen with mtime 1738706892.760659
File /usr/lib/python3.12/wsgiref/util.py first seen with mtime 1730917939.0
File /home/tt/Documentos/gameside/.venv/lib/python3.12/site-packages/django/forms/renderers.py first seen with mtime 1738706892.744659
File /home/tt/Documentos/gameside/.venv/lib/python3.12/site-packages/django/template/base.py first seen with mtime 1738706892.754659
File /home/tt/Documentos/gameside/manage.py first seen with mtime 1738706813.6544228
File /home/tt/Documentos/gameside/.venv/lib/python3.12/site-packages/django/views/__init__.py first seen with mtime 1738706892.7706587
File /home/tt/Documentos/gameside/.venv/lib/python3.12/site-packages/django/core/checks/compatibility/django_4_0.py first seen with mtime 1738706892.7086594
File /home/tt/Documentos/gameside/.venv/lib/python3.12/site-packages/PIL/TiffTags.py first seen with mtime 1738706890.8146734
File /home/tt/Documentos/gameside/.venv/lib/python3.12/site-packages/django/core/cache/backends/__init__.py first seen with mtime 1738706892.7086594
File /home/tt/Documentos/gameside/.venv/lib/python3.12/site-packages/django/utils/translation/trans_real.py first seen with mtime 1738706892.7686589
File /usr/lib/python3.12/asyncio/log.py first seen with mtime 1730917939.0
File /usr/lib/python3.12/_weakrefset.py first seen with mtime 1730917939.0
File /home/tt/Documentos/gameside/.venv/lib/python3.12/site-packages/PIL/_version.py first seen with mtime 1738706890.8266733
File /home/tt/Documentos/gameside/.venv/lib/python3.12/site-packages/django/db/backends/base/schema.py first seen with mtime 1738706892.7236593
File /usr/lib/python3.12/asyncio/base_subprocess.py first seen with mtime 1730917939.0
File /usr/lib/python3.12/enum.py first seen with mtime 1730917939.0
File /usr/lib/python3.12/inspect.py first seen with mtime 1730917939.0
File /home/tt/Documentos/gameside/.venv/lib/python3.12/site-packages/django/contrib/contenttypes/admin.py first seen with mtime 1738706892.3976617
File /usr/lib/python3.12/email/mime/nonmultipart.py first seen with mtime 1730917939.0
File /home/tt/Documentos/gameside/.venv/lib/python3.12/site-packages/django/http/__init__.py first seen with mtime 1738706892.753659
File /home/tt/Documentos/gameside/categories/models.py first seen with mtime 1739133578.0077453
File /home/tt/Documentos/gameside/.venv/lib/python3.12/site-packages/django/core/mail/__init__.py first seen with mtime 1738706892.7146592
File /home/tt/Documentos/gameside/shared/models.py first seen with mtime 1738706813.6564229
File /home/tt/Documentos/gameside/.venv/lib/python3.12/site-packages/django/core/paginator.py first seen with mtime 1738706892.7086594
File /home/tt/Documentos/gameside/.venv/lib/python3.12/site-packages/django/db/utils.py first seen with mtime 1738706892.7216592
File /home/tt/Documentos/gameside/.venv/lib/python3.12/site-packages/django/contrib/auth/apps.py first seen with mtime 1738706892.342662
File /home/tt/Documentos/gameside/.venv/lib/python3.12/site-packages/django/db/models/sql/datastructures.py first seen with mtime 1738706892.7416592
File /home/tt/Documentos/gameside/.venv/lib/python3.12/site-packages/django/utils/regex_helper.py first seen with mtime 1738706892.760659
File /home/tt/Documentos/gameside/.venv/lib/python3.12/site-packages/django/db/migrations/state.py first seen with mtime 1738706892.732659
File /usr/lib/python3.12/re/_constants.py first seen with mtime 1730917939.0
File /usr/lib/python3.12/hmac.py first seen with mtime 1730917939.0
File /home/tt/Documentos/gameside/.venv/lib/python3.12/site-packages/django/conf/global_settings.py first seen with mtime 1738706892.0926638
File /home/tt/Documentos/gameside/.venv/lib/python3.12/site-packages/django/db/models/deletion.py first seen with mtime 1738706892.7346592
File /home/tt/Documentos/gameside/users/views.py first seen with mtime 1739123453.0534437
File /usr/lib/python3.12/asyncio/futures.py first seen with mtime 1730917939.0
File /home/tt/Documentos/gameside/.venv/lib/python3.12/site-packages/django/db/migrations/utils.py first seen with mtime 1738706892.732659
File /usr/lib/python3.12/email/feedparser.py first seen with mtime 1730917939.0
File /usr/lib/python3.12/selectors.py first seen with mtime 1730917939.0
File /home/tt/Documentos/gameside/.venv/lib/python3.12/site-packages/django/core/checks/async_checks.py first seen with mtime 1738706892.7086594
File /usr/lib/python3.12/zoneinfo/__init__.py first seen with mtime 1730917939.0
File /home/tt/Documentos/gameside/.venv/lib/python3.12/site-packages/django/core/management/__init__.py first seen with mtime 1738706892.7146592
File /home/tt/Documentos/gameside/.venv/lib/python3.12/site-packages/django/views/decorators/common.py first seen with mtime 1738706892.771659
File /home/tt/Documentos/gameside/.venv/lib/python3.12/site-packages/django/contrib/admin/views/main.py first seen with mtime 1738706892.2926624
File /home/tt/Documentos/gameside/.venv/lib/python3.12/site-packages/django/contrib/admin/templatetags/base.py first seen with mtime 1738706892.2926624
File /home/tt/Documentos/gameside/.venv/lib/python3.12/site-packages/PIL/__init__.py first seen with mtime 1738706890.8226733
File /home/tt/Documentos/gameside/.venv/lib/python3.12/site-packages/django/core/files/move.py first seen with mtime 1738706892.7086594
File /usr/lib/python3.12/html/__init__.py first seen with mtime 1730917939.0
File /usr/lib/python3.12/linecache.py first seen with mtime 1730917939.0
File /usr/lib/python3.12/zoneinfo/_common.py first seen with mtime 1730917939.0
File /usr/lib/python3.12/__future__.py first seen with mtime 1730917939.0
File /usr/lib/python3.12/importlib/_abc.py first seen with mtime 1730917939.0
File /usr/lib/python3.12/http/client.py first seen with mtime 1730917939.0
File /home/tt/Documentos/gameside/.venv/lib/python3.12/site-packages/django/db/backends/__init__.py first seen with mtime 1738706892.7216592
File /home/tt/Documentos/gameside/.venv/lib/python3.12/site-packages/sqlparse/lexer.py first seen with mtime 1738706889.711682
File /home/tt/Documentos/gameside/.venv/lib/python3.12/site-packages/django/db/backends/sqlite3/_functions.py first seen with mtime 1738706892.7286592
File /home/tt/Documentos/gameside/.venv/lib/python3.12/site-packages/django/contrib/admin/templatetags/admin_urls.py first seen with mtime 1738706892.2926624
File /home/tt/Documentos/gameside/.venv/lib/python3.12/site-packages/django/db/models/query.py first seen with mtime 1738706892.737659
File /home/tt/Documentos/gameside/users/models.py first seen with mtime 1738706813.6714227
File /home/tt/Documentos/gameside/.venv/lib/python3.12/site-packages/django/core/files/storage/memory.py first seen with mtime 1738706892.7086594
File /usr/lib/python3.12/asyncio/threads.py first seen with mtime 1730917939.0
File /usr/lib/python3.12/fractions.py first seen with mtime 1730917939.0
File /usr/lib/python3.12/_sysconfigdata__x86_64-linux-gnu.py first seen with mtime 1730917939.0
File /home/tt/Documentos/gameside/.venv/lib/python3.12/site-packages/django/utils/crypto.py first seen with mtime 1738706892.760659
File /home/tt/Documentos/gameside/.venv/lib/python3.12/site-packages/django/views/decorators/cache.py first seen with mtime 1738706892.771659
File /home/tt/Documentos/gameside/categories/apps.py first seen with mtime 1738706813.6514227
File /usr/lib/python3.12/concurrent/__init__.py first seen with mtime 1730917939.0
File /home/tt/Documentos/gameside/.venv/lib/python3.12/site-packages/django/db/migrations/operations/models.py first seen with mtime 1738706892.732659
File /home/tt/Documentos/gameside/.venv/lib/python3.12/site-packages/django/template/defaulttags.py first seen with mtime 1738706892.754659
File /home/tt/Documentos/gameside/.venv/lib/python3.12/site-packages/django/templatetags/l10n.py first seen with mtime 1738706892.760659
File /home/tt/Documentos/gameside/.venv/lib/python3.12/site-packages/django/urls/conf.py first seen with mtime 1738706892.760659
File /usr/lib/python3.12/tokenize.py first seen with mtime 1730917939.0
File /home/tt/Documentos/gameside/.venv/lib/python3.12/site-packages/django/db/models/functions/comparison.py first seen with mtime 1738706892.740659
File /home/tt/Documentos/gameside/.venv/lib/python3.12/site-packages/django/utils/asyncio.py first seen with mtime 1738706892.760659
File /usr/lib/python3.12/mimetypes.py first seen with mtime 1730917939.0
File /usr/lib/python3.12/opcode.py first seen with mtime 1730917939.0
File /home/tt/Documentos/gameside/.venv/lib/python3.12/site-packages/django/utils/dateparse.py first seen with mtime 1738706892.760659
File /usr/lib/python3.12/contextvars.py first seen with mtime 1730917939.0
File /usr/lib/python3.12/asyncio/events.py first seen with mtime 1730917939.0
File /home/tt/Documentos/gameside/.venv/lib/python3.12/site-packages/colorfield/fields.py first seen with mtime 1738706892.052664
File /usr/lib/python3.12/pprint.py first seen with mtime 1730917939.0
File /home/tt/Documentos/gameside/.venv/lib/python3.12/site-packages/django/db/models/functions/mixins.py first seen with mtime 1738706892.7416592
File /usr/lib/python3.12/string.py first seen with mtime 1730917939.0
File /home/tt/Documentos/gameside/.venv/lib/python3.12/site-packages/django/contrib/contenttypes/models.py first seen with mtime 1738706892.3976617
File /usr/lib/python3.12/concurrent/futures/thread.py first seen with mtime 1730917939.0
File /home/tt/Documentos/gameside/.venv/lib/python3.12/site-packages/django/contrib/sessions/backends/__init__.py first seen with mtime 1738706892.6456597
File /home/tt/Documentos/gameside/.venv/lib/python3.12/site-packages/django/contrib/admin/helpers.py first seen with mtime 1738706892.1736631
File /home/tt/Documentos/gameside/.venv/lib/python3.12/site-packages/django/views/generic/detail.py first seen with mtime 1738706892.771659
File /home/tt/Documentos/gameside/.venv/lib/python3.12/site-packages/django/core/mail/message.py first seen with mtime 1738706892.7146592
File /usr/lib/python3.12/gzip.py first seen with mtime 1730917939.0
File /home/tt/Documentos/gameside/.venv/lib/python3.12/site-packages/django/template/loaders/app_directories.py first seen with mtime 1738706892.754659
File /usr/lib/python3.12/asyncio/base_futures.py first seen with mtime 1730917939.0
File /home/tt/Documentos/gameside/.venv/lib/python3.12/site-packages/django/utils/lorem_ipsum.py first seen with mtime 1738706892.760659
File /usr/lib/python3.12/urllib/request.py first seen with mtime 1730917939.0
File /home/tt/Documentos/gameside/.venv/lib/python3.12/site-packages/django/db/models/lookups.py first seen with mtime 1738706892.736659
File /home/tt/Documentos/gameside/.venv/lib/python3.12/site-packages/sqlparse/cli.py first seen with mtime 1738706889.709682
File /usr/lib/python3.12/email/mime/message.py first seen with mtime 1730917939.0
File /home/tt/Documentos/gameside/.venv/lib/python3.12/site-packages/django/template/backends/django.py first seen with mtime 1738706892.754659
File /usr/lib/python3.12/lib-dynload/_zoneinfo.cpython-312-x86_64-linux-gnu.so first seen with mtime 1730917939.0
File /usr/lib/python3.12/dis.py first seen with mtime 1730917939.0
File /home/tt/Documentos/gameside/.venv/lib/python3.12/site-packages/django/db/models/fields/related.py first seen with mtime 1738706892.739659
File /home/tt/Documentos/gameside/.venv/lib/python3.12/site-packages/django/utils/duration.py first seen with mtime 1738706892.760659
File /home/tt/Documentos/gameside/.venv/lib/python3.12/site-packages/django/utils/cache.py first seen with mtime 1738706892.760659
File /home/tt/Documentos/gameside/orders/serializers.py first seen with mtime 1739123865.3059876
File /usr/lib/python3.12/argparse.py first seen with mtime 1730917939.0
File /home/tt/Documentos/gameside/.venv/lib/python3.12/site-packages/django/urls/base.py first seen with mtime 1738706892.760659
File /home/tt/Documentos/gameside/.venv/lib/python3.12/site-packages/django/core/cache/utils.py first seen with mtime 1738706892.7086594
File /usr/lib/python3.12/lib-dynload/_decimal.cpython-312-x86_64-linux-gnu.so first seen with mtime 1730917939.0
File /home/tt/Documentos/gameside/.venv/lib/python3.12/site-packages/django/db/migrations/operations/fields.py first seen with mtime 1738706892.732659
File /usr/lib/python3.12/typing.py first seen with mtime 1730917939.0
File /home/tt/Documentos/gameside/.venv/lib/python3.12/site-packages/django/utils/datastructures.py first seen with mtime 1738706892.760659
File /home/tt/Documentos/gameside/.venv/lib/python3.12/site-packages/django/contrib/contenttypes/views.py first seen with mtime 1738706892.3976617
File /home/tt/Documentos/gameside/.venv/lib/python3.12/site-packages/django/contrib/auth/hashers.py first seen with mtime 1738706892.346662
File /usr/lib/python3.12/multiprocessing/__init__.py first seen with mtime 1730917939.0
File /usr/lib/python3.12/graphlib.py first seen with mtime 1730917939.0
File /home/tt/Documentos/gameside/platforms/models.py first seen with mtime 1738706813.655423
File /usr/lib/python3.12/decimal.py first seen with mtime 1730917939.0
File /home/tt/Documentos/gameside/.venv/lib/python3.12/site-packages/django/db/models/__init__.py first seen with mtime 1738706892.732659
File /usr/lib/python3.12/asyncio/base_events.py first seen with mtime 1730917939.0
File /home/tt/Documentos/gameside/.venv/lib/python3.12/site-packages/django/core/files/storage/__init__.py first seen with mtime 1738706892.7086594
File /home/tt/Documentos/gameside/.venv/lib/python3.12/site-packages/django/forms/utils.py first seen with mtime 1738706892.744659
File /home/tt/Documentos/gameside/.venv/lib/python3.12/site-packages/django/db/models/fields/generated.py first seen with mtime 1738706892.739659
File /home/tt/Documentos/gameside/.venv/lib/python3.12/site-packages/django/utils/module_loading.py first seen with mtime 1738706892.760659
File /home/tt/Documentos/gameside/categories/views.py first seen with mtime 1739361978.5811465
File /home/tt/Documentos/gameside/.venv/lib/python3.12/site-packages/django/template/backends/__init__.py first seen with mtime 1738706892.754659
File /home/tt/Documentos/gameside/.venv/lib/python3.12/site-packages/django/contrib/messages/storage/base.py first seen with mtime 1738706892.5846603
File /usr/lib/python3.12/email/mime/__init__.py first seen with mtime 1730917939.0
File /usr/lib/python3.12/urllib/response.py first seen with mtime 1730917939.0
File /usr/lib/python3.12/multiprocessing/reduction.py first seen with mtime 1730917939.0
File /home/tt/Documentos/gameside/.venv/lib/python3.12/site-packages/sqlparse/engine/filter_stack.py first seen with mtime 1738706889.712682
File /home/tt/Documentos/gameside/.venv/lib/python3.12/site-packages/django/core/handlers/asgi.py first seen with mtime 1738706892.7086594
File /home/tt/Documentos/gameside/.venv/lib/python3.12/site-packages/asgiref/sync.py first seen with mtime 1738706891.2956698
File /home/tt/Documentos/gameside/.venv/lib/python3.12/site-packages/django/contrib/admin/exceptions.py first seen with mtime 1738706892.1736631
File /home/tt/Documentos/gameside/.venv/lib/python3.12/site-packages/django/db/backends/base/creation.py first seen with mtime 1738706892.7236593
File /home/tt/Documentos/gameside/games/urls.py first seen with mtime 1738927052.1411402
File /home/tt/Documentos/gameside/.venv/lib/python3.12/site-packages/django/template/backends/base.py first seen with mtime 1738706892.754659
File /home/tt/Documentos/gameside/.venv/lib/python3.12/site-packages/django/core/files/__init__.py first seen with mtime 1738706892.7086594
File /home/tt/Documentos/gameside/.venv/lib/python3.12/site-packages/django/template/loader.py first seen with mtime 1738706892.754659
File /home/tt/Documentos/gameside/.venv/lib/python3.12/site-packages/django/contrib/admin/templatetags/admin_list.py first seen with mtime 1738706892.2926624
File /home/tt/Documentos/gameside/.venv/lib/python3.12/site-packages/django/contrib/staticfiles/utils.py first seen with mtime 1738706892.7006593
File /usr/lib/python3.12/pathlib.py first seen with mtime 1730917939.0
File /home/tt/Documentos/gameside/.venv/lib/python3.12/site-packages/django/core/signals.py first seen with mtime 1738706892.7086594
File /usr/lib/python3.12/urllib/__init__.py first seen with mtime 1730917939.0
File /home/tt/Documentos/gameside/.venv/lib/python3.12/site-packages/django/contrib/admin/filters.py first seen with mtime 1738706892.1736631
File /home/tt/Documentos/gameside/.venv/lib/python3.12/site-packages/django/core/files/uploadhandler.py first seen with mtime 1738706892.7086594
File /home/tt/Documentos/gameside/.venv/lib/python3.12/site-packages/django/middleware/__init__.py first seen with mtime 1738706892.754659
File /usr/lib/python3.12/lib-dynload/_ssl.cpython-312-x86_64-linux-gnu.so first seen with mtime 1730917939.0
File /usr/lib/python3.12/bisect.py first seen with mtime 1730917939.0
File /home/tt/Documentos/gameside/.venv/lib/python3.12/site-packages/django/db/models/constraints.py first seen with mtime 1738706892.7346592
File /home/tt/Documentos/gameside/.venv/lib/python3.12/site-packages/django/template/__init__.py first seen with mtime 1738706892.754659
File /usr/lib/python3.12/warnings.py first seen with mtime 1730917939.0
File /home/tt/Documentos/gameside/.venv/lib/python3.12/site-packages/django/utils/inspect.py first seen with mtime 1738706892.760659
File /usr/lib/python3.12/copy.py first seen with mtime 1730917939.0
File /home/tt/Documentos/gameside/.venv/lib/python3.12/site-packages/django/conf/locale/__init__.py first seen with mtime 1738706892.0926638
File /home/tt/Documentos/gameside/.venv/lib/python3.12/site-packages/PIL/_util.py first seen with mtime 1738706890.8146734
File /usr/lib/python3.12/operator.py first seen with mtime 1730917939.0
File /usr/lib/python3.12/urllib/parse.py first seen with mtime 1730917939.0
File /home/tt/Documentos/gameside/.venv/lib/python3.12/site-packages/django/db/__init__.py first seen with mtime 1738706892.7216592
File /home/tt/Documentos/gameside/users/admin.py first seen with mtime 1738706813.6714227
File /home/tt/Documentos/gameside/.venv/lib/python3.12/site-packages/django/middleware/security.py first seen with mtime 1738706892.754659
File /home/tt/Documentos/gameside/.venv/lib/python3.12/site-packages/django/utils/formats.py first seen with mtime 1738706892.760659
File /home/tt/Documentos/gameside/.venv/lib/python3.12/site-packages/django/views/static.py first seen with mtime 1738706892.7706587
File /home/tt/Documentos/gameside/.venv/lib/python3.12/site-packages/django/db/backends/sqlite3/creation.py first seen with mtime 1738706892.7286592
File /home/tt/Documentos/gameside/.venv/lib/python3.12/site-packages/django/core/serializers/__init__.py first seen with mtime 1738706892.7146592
File /home/tt/Documentos/gameside/.venv/lib/python3.12/site-packages/django/core/cache/backends/base.py first seen with mtime 1738706892.7086594
File /home/tt/Documentos/gameside/.venv/lib/python3.12/site-packages/django/core/files/storage/filesystem.py first seen with mtime 1738706892.7086594
File /home/tt/Documentos/gameside/.venv/lib/python3.12/site-packages/django/core/serializers/python.py first seen with mtime 1738706892.7206593
File /home/tt/Documentos/gameside/.venv/lib/python3.12/site-packages/PIL/_deprecate.py first seen with mtime 1738706890.8266733
File /home/tt/Documentos/gameside/.venv/lib/python3.12/site-packages/django/contrib/auth/middleware.py first seen with mtime 1738706892.346662
File /home/tt/Documentos/gameside/.venv/lib/python3.12/site-packages/django/contrib/sessions/__init__.py first seen with mtime 1738706892.6456597
File /home/tt/Documentos/gameside/.venv/lib/python3.12/site-packages/django/apps/registry.py first seen with mtime 1738706892.0926638
File /home/tt/Documentos/gameside/.venv/lib/python3.12/site-packages/django/core/checks/registry.py first seen with mtime 1738706892.7086594
File /home/tt/Documentos/gameside/.venv/lib/python3.12/site-packages/django/template/autoreload.py first seen with mtime 1738706892.754659
File /home/tt/Documentos/gameside/shared/apps.py first seen with mtime 1738706813.6564229
File /usr/lib/python3.12/asyncio/format_helpers.py first seen with mtime 1730917939.0
File /usr/lib/python3.12/asyncio/protocols.py first seen with mtime 1730917939.0
File /home/tt/Documentos/gameside/.venv/lib/python3.12/site-packages/django/views/decorators/__init__.py first seen with mtime 1738706892.7706587
File /home/tt/Documentos/gameside/.venv/lib/python3.12/site-packages/django/contrib/auth/forms.py first seen with mtime 1738706892.346662
File /home/tt/Documentos/gameside/.venv/lib/python3.12/site-packages/django/template/response.py first seen with mtime 1738706892.754659
File /home/tt/Documentos/gameside/.venv/lib/python3.12/site-packages/django/templatetags/static.py first seen with mtime 1738706892.760659
File /home/tt/Documentos/gameside/.venv/lib/python3.12/site-packages/django/template/utils.py first seen with mtime 1738706892.754659
File /usr/lib/python3.12/asyncio/streams.py first seen with mtime 1730917939.0
File /home/tt/Documentos/gameside/.venv/lib/python3.12/site-packages/django/template/defaultfilters.py first seen with mtime 1738706892.754659
File /home/tt/Documentos/gameside/.venv/lib/python3.12/site-packages/django/core/signing.py first seen with mtime 1738706892.7086594
File /home/tt/Documentos/gameside/.venv/lib/python3.12/site-packages/django/db/transaction.py first seen with mtime 1738706892.7216592
File /home/tt/Documentos/gameside/.venv/lib/python3.12/site-packages/PIL/_imaging.cpython-312-x86_64-linux-gnu.so first seen with mtime 1738706890.8436732
File /home/tt/Documentos/gameside/.venv/lib/python3.12/site-packages/django/db/models/sql/__init__.py first seen with mtime 1738706892.7416592
File /home/tt/Documentos/gameside/.venv/lib/python3.12/site-packages/django/contrib/admin/views/__init__.py first seen with mtime 1738706892.2926624
File /home/tt/Documentos/gameside/.venv/lib/python3.12/site-packages/django/template/loaders/__init__.py first seen with mtime 1738706892.754659
File /home/tt/Documentos/gameside/.venv/lib/python3.12/site-packages/django/utils/safestring.py first seen with mtime 1738706892.760659
File /home/tt/Documentos/gameside/.venv/lib/python3.12/site-packages/sqlparse/filters/right_margin.py first seen with mtime 1738706889.713682
File /usr/lib/python3.12/encodings/utf_8.py first seen with mtime 1730917939.0
File /usr/lib/python3.12/asyncio/constants.py first seen with mtime 1730917939.0
File /home/tt/Documentos/gameside/.venv/lib/python3.12/site-packages/django/contrib/contenttypes/checks.py first seen with mtime 1738706892.3976617
File /home/tt/Documentos/gameside/.venv/lib/python3.12/site-packages/django/__init__.py first seen with mtime 1738706892.0926638
File /home/tt/Documentos/gameside/orders/models.py first seen with mtime 1739131678.0655472
File /home/tt/Documentos/gameside/.venv/lib/python3.12/site-packages/django/utils/tree.py first seen with mtime 1738706892.7686589
File /home/tt/Documentos/gameside/shared/serializers.py first seen with mtime 1738706813.6564229
File /home/tt/Documentos/gameside/.venv/lib/python3.12/site-packages/django/contrib/messages/constants.py first seen with mtime 1738706892.5846603
File /home/tt/Documentos/gameside/.venv/lib/python3.12/site-packages/django/db/migrations/exceptions.py first seen with mtime 1738706892.7286592
File /home/tt/Documentos/gameside/.venv/lib/python3.12/site-packages/django/urls/exceptions.py first seen with mtime 1738706892.760659
File /home/tt/Documentos/gameside/.venv/lib/python3.12/site-packages/django/contrib/auth/checks.py first seen with mtime 1738706892.342662
File /home/tt/Documentos/gameside/.venv/lib/python3.12/site-packages/django/contrib/staticfiles/apps.py first seen with mtime 1738706892.7006593
File /usr/lib/python3.12/wsgiref/handlers.py first seen with mtime 1730917939.0
File /home/tt/Documentos/gameside/.venv/lib/python3.12/site-packages/django/core/files/base.py first seen with mtime 1738706892.7086594
File /usr/lib/python3.12/getpass.py first seen with mtime 1730917939.0
File /home/tt/Documentos/gameside/.venv/lib/python3.12/site-packages/django/contrib/auth/password_validation.py first seen with mtime 1738706892.346662
File /usr/lib/python3.12/quopri.py first seen with mtime 1730917939.0
File /home/tt/Documentos/gameside/platforms/urls.py first seen with mtime 1738706813.655423
File /usr/lib/python3.12/wsgiref/headers.py first seen with mtime 1730917939.0
File /home/tt/Documentos/gameside/.venv/lib/python3.12/site-packages/django/core/checks/caches.py first seen with mtime 1738706892.7086594
File /usr/lib/python3.12/email/_encoded_words.py first seen with mtime 1730917939.0
File /home/tt/Documentos/gameside/games/models.py first seen with mtime 1738706813.6544228
File /usr/lib/python3.12/encodings/__init__.py first seen with mtime 1730917939.0
File /home/tt/Documentos/gameside/.venv/lib/python3.12/site-packages/django/contrib/staticfiles/__init__.py first seen with mtime 1738706892.7006593
File /home/tt/Documentos/gameside/.venv/lib/python3.12/site-packages/PIL/_binary.py first seen with mtime 1738706890.8146734
File /usr/lib/python3.12/email/mime/base.py first seen with mtime 1730917939.0
File /home/tt/Documentos/gameside/.venv/lib/python3.12/site-packages/django/contrib/admin/actions.py first seen with mtime 1738706892.1736631
File /home/tt/Documentos/gameside/.venv/lib/python3.12/site-packages/django/db/backends/base/features.py first seen with mtime 1738706892.7236593
File /usr/lib/python3.12/multiprocessing/context.py first seen with mtime 1730917939.0
File /home/tt/Documentos/gameside/.venv/lib/python3.12/site-packages/django/db/backends/base/base.py first seen with mtime 1738706892.7236593
File /home/tt/Documentos/gameside/.venv/lib/python3.12/site-packages/django/utils/encoding.py first seen with mtime 1738706892.760659
File /home/tt/Documentos/gameside/.venv/lib/python3.12/site-packages/django/contrib/staticfiles/management/commands/__init__.py first seen with mtime 1738706892.7006593
File /home/tt/Documentos/gameside/.venv/lib/python3.12/site-packages/django/http/cookie.py first seen with mtime 1738706892.754659
File /home/tt/Documentos/gameside/.venv/lib/python3.12/site-packages/django/contrib/messages/utils.py first seen with mtime 1738706892.5846603
File /usr/lib/python3.12/uuid.py first seen with mtime 1730917939.0
File /home/tt/Documentos/gameside/.venv/lib/python3.12/site-packages/django/db/models/fields/reverse_related.py first seen with mtime 1738706892.739659
File /home/tt/Documentos/gameside/.venv/lib/python3.12/site-packages/django/core/files/images.py first seen with mtime 1738706892.7086594
File /home/tt/Documentos/gameside/.venv/lib/python3.12/site-packages/django/core/handlers/exception.py first seen with mtime 1738706892.7086594
File /home/tt/Documentos/gameside/.venv/lib/python3.12/site-packages/django/contrib/__init__.py first seen with mtime 1738706892.1726632
File /usr/lib/python3.12/email/policy.py first seen with mtime 1730917939.0
File /home/tt/Documentos/gameside/orders/__init__.py first seen with mtime 1738706813.6544228
File /home/tt/Documentos/gameside/users/apps.py first seen with mtime 1738706813.6714227
File /home/tt/Documentos/gameside/.venv/lib/python3.12/site-packages/django/utils/translation/reloader.py first seen with mtime 1738706892.7686589
File /usr/lib/python3.12/asyncio/queues.py first seen with mtime 1730917939.0
File /usr/lib/python3.12/json/scanner.py first seen with mtime 1730917939.0
File /home/tt/Documentos/gameside/.venv/lib/python3.12/site-packages/django/contrib/admin/utils.py first seen with mtime 1738706892.1736631
File /home/tt/Documentos/gameside/.venv/lib/python3.12/site-packages/django/utils/numberformat.py first seen with mtime 1738706892.760659
File /home/tt/Documentos/gameside/.venv/lib/python3.12/site-packages/django/db/models/sql/subqueries.py first seen with mtime 1738706892.7416592
File /home/tt/Documentos/gameside/.venv/lib/python3.12/site-packages/PIL/_typing.py first seen with mtime 1738706890.8166735
File /home/tt/Documentos/gameside/.venv/lib/python3.12/site-packages/django/core/servers/__init__.py first seen with mtime 1738706892.7206593
File /usr/lib/python3.12/reprlib.py first seen with mtime 1730917939.0
File /home/tt/Documentos/gameside/.venv/lib/python3.12/site-packages/django/db/models/sql/query.py first seen with mtime 1738706892.7416592
File /home/tt/Documentos/gameside/.venv/lib/python3.12/site-packages/django/utils/deprecation.py first seen with mtime 1738706892.760659
File /usr/lib/python3.12/secrets.py first seen with mtime 1730917939.0
File /usr/lib/python3.12/socketserver.py first seen with mtime 1730917939.0
File /home/tt/Documentos/gameside/.venv/lib/python3.12/site-packages/django/contrib/admin/templatetags/__init__.py first seen with mtime 1738706892.2926624
File /usr/lib/python3.12/asyncio/trsock.py first seen with mtime 1730917939.0
File /home/tt/Documentos/gameside/.venv/lib/python3.12/site-packages/django/core/cache/backends/locmem.py first seen with mtime 1738706892.7086594
File /usr/lib/python3.12/logging/config.py first seen with mtime 1730917939.0
File /home/tt/Documentos/gameside/.venv/lib/python3.12/site-packages/django/core/files/locks.py first seen with mtime 1738706892.7086594
File /home/tt/Documentos/gameside/.venv/lib/python3.12/site-packages/sqlparse/filters/reindent.py first seen with mtime 1738706889.713682
File /home/tt/Documentos/gameside/.venv/lib/python3.12/site-packages/django/utils/log.py first seen with mtime 1738706892.760659
File /home/tt/Documentos/gameside/.venv/lib/python3.12/site-packages/django/db/models/fields/related_lookups.py first seen with mtime 1738706892.739659
File /usr/lib/python3.12/email/__init__.py first seen with mtime 1730917939.0
File /home/tt/Documentos/gameside/.venv/lib/python3.12/site-packages/django/utils/autoreload.py first seen with mtime 1738706892.760659
File /home/tt/Documentos/gameside/.venv/lib/python3.12/site-packages/django/middleware/cache.py first seen with mtime 1738706892.754659
File /home/tt/Documentos/gameside/.venv/lib/python3.12/site-packages/django/template/engine.py first seen with mtime 1738706892.754659
File /home/tt/Documentos/gameside/.venv/lib/python3.12/site-packages/sqlparse/filters/tokens.py first seen with mtime 1738706889.713682
File /home/tt/Documentos/gameside/.venv/lib/python3.12/site-packages/django/template/library.py first seen with mtime 1738706892.754659
File /home/tt/Documentos/gameside/.venv/lib/python3.12/site-packages/django/contrib/admin/models.py first seen with mtime 1738706892.1736631
File /home/tt/Documentos/gameside/.venv/lib/python3.12/site-packages/django/template/loader_tags.py first seen with mtime 1738706892.754659
File /home/tt/Documentos/gameside/.venv/lib/python3.12/site-packages/django/core/checks/translation.py first seen with mtime 1738706892.7086594
File /usr/lib/python3.12/gettext.py first seen with mtime 1730917939.0
File /home/tt/Documentos/gameside/.venv/lib/python3.12/site-packages/django/db/models/functions/datetime.py first seen with mtime 1738706892.740659
File /home/tt/Documentos/gameside/.venv/lib/python3.12/site-packages/django/contrib/staticfiles/checks.py first seen with mtime 1738706892.7006593
File /home/tt/Documentos/gameside/.venv/lib/python3.12/site-packages/django/template/loaders/cached.py first seen with mtime 1738706892.754659
File /home/tt/Documentos/gameside/.venv/lib/python3.12/site-packages/django/core/management/base.py first seen with mtime 1738706892.7146592
File /home/tt/Documentos/gameside/orders/urls.py first seen with mtime 1739124935.0169835
File /usr/lib/python3.12/email/message.py first seen with mtime 1730917939.0
File /usr/lib/python3.12/re/__init__.py first seen with mtime 1730917939.0
File /home/tt/Documentos/gameside/.venv/lib/python3.12/site-packages/sqlparse/__init__.py first seen with mtime 1738706889.709682
File /home/tt/Documentos/gameside/.venv/lib/python3.12/site-packages/django/db/models/expressions.py first seen with mtime 1738706892.7346592
File /home/tt/Documentos/gameside/.venv/lib/python3.12/site-packages/django/core/checks/database.py first seen with mtime 1738706892.7086594
File /home/tt/Documentos/gameside/.venv/lib/python3.12/site-packages/django/core/wsgi.py first seen with mtime 1738706892.7086594
File /home/tt/Documentos/gameside/.venv/lib/python3.12/site-packages/django/core/handlers/wsgi.py first seen with mtime 1738706892.7146592
File /usr/lib/python3.12/email/charset.py first seen with mtime 1730917939.0
File /home/tt/Documentos/gameside/.venv/lib/python3.12/site-packages/django/template/loaders/filesystem.py first seen with mtime 1738706892.754659
File /home/tt/Documentos/gameside/orders/views.py first seen with mtime 1739274427.407607
File /home/tt/Documentos/gameside/.venv/lib/python3.12/site-packages/django/db/backends/base/__init__.py first seen with mtime 1738706892.722659
File /home/tt/Documentos/gameside/.venv/lib/python3.12/site-packages/django/db/models/query_utils.py first seen with mtime 1738706892.737659
File /usr/lib/python3.12/heapq.py first seen with mtime 1730917939.0
File /usr/lib/python3.12/token.py first seen with mtime 1730917939.0
File /home/tt/Documentos/gameside/.venv/lib/python3.12/site-packages/django/utils/hashable.py first seen with mtime 1738706892.760659
File /home/tt/Documentos/gameside/.venv/lib/python3.12/site-packages/colorfield/widgets.py first seen with mtime 1738706892.055664
File /home/tt/Documentos/gameside/.venv/lib/python3.12/site-packages/django/core/cache/backends/filebased.py first seen with mtime 1738706892.7086594
File /usr/lib/python3.12/asyncio/taskgroups.py first seen with mtime 1730917939.0
File /home/tt/Documentos/gameside/.venv/lib/python3.12/site-packages/django/core/files/storage/mixins.py first seen with mtime 1738706892.7086594
File /home/tt/Documentos/gameside/shared/custom_error.py first seen with mtime 1739363351.428104
File /usr/lib/python3.12/email/_policybase.py first seen with mtime 1730917939.0
File /usr/lib/python3.12/asyncio/locks.py first seen with mtime 1730917939.0
File /home/tt/Documentos/gameside/.venv/lib/python3.12/site-packages/django/views/generic/__init__.py first seen with mtime 1738706892.771659
File /home/tt/Documentos/gameside/.venv/lib/python3.12/site-packages/django/core/handlers/__init__.py first seen with mtime 1738706892.7086594
File /home/tt/Documentos/gameside/.venv/lib/python3.12/site-packages/django/contrib/auth/views.py first seen with mtime 1738706892.346662
File /home/tt/Documentos/gameside/.venv/lib/python3.12/site-packages/django/core/management/color.py first seen with mtime 1738706892.7146592
File /home/tt/Documentos/gameside/.venv/lib/python3.12/site-packages/django/shortcuts.py first seen with mtime 1738706892.0926638
File /home/tt/Documentos/gameside/.venv/lib/python3.12/site-packages/PIL/Image.py first seen with mtime 1738706890.8436732
File /home/tt/Documentos/gameside/.venv/lib/python3.12/site-packages/django/http/request.py first seen with mtime 1738706892.754659
File /home/tt/Documentos/gameside/.venv/lib/python3.12/site-packages/django/http/response.py first seen with mtime 1738706892.754659
File /home/tt/Documentos/gameside/.venv/lib/python3.12/site-packages/django/core/checks/model_checks.py first seen with mtime 1738706892.7086594
File /usr/lib/python3.12/calendar.py first seen with mtime 1730917939.0
File /home/tt/Documentos/gameside/.venv/lib/python3.12/site-packages/django/contrib/messages/apps.py first seen with mtime 1738706892.5846603
File /home/tt/Documentos/gameside/.venv/lib/python3.12/site-packages/django/contrib/contenttypes/forms.py first seen with mtime 1738706892.3976617
File /home/tt/Documentos/gameside/.venv/lib/python3.12/site-packages/django/views/generic/list.py first seen with mtime 1738706892.7726588
File /usr/lib/python3.12/asyncio/base_tasks.py first seen with mtime 1730917939.0
File /home/tt/Documentos/gameside/.venv/lib/python3.12/site-packages/colorfield/validators.py first seen with mtime 1738706892.055664
File /home/tt/Documentos/gameside/.venv/lib/python3.12/site-packages/django/contrib/admin/views/autocomplete.py first seen with mtime 1738706892.2926624
File /home/tt/Documentos/gameside/.venv/lib/python3.12/site-packages/django/views/generic/edit.py first seen with mtime 1738706892.771659
File /usr/lib/python3.12/queue.py first seen with mtime 1730917939.0
File /usr/lib/python3.12/asyncio/coroutines.py first seen with mtime 1730917939.0
File /home/tt/Documentos/gameside/.venv/lib/python3.12/site-packages/sqlparse/utils.py first seen with mtime 1738706889.711682
File /usr/lib/python3.12/asyncio/sslproto.py first seen with mtime 1730917939.0
File /home/tt/Documentos/gameside/.venv/lib/python3.12/site-packages/django/template/loaders/base.py first seen with mtime 1738706892.754659
File /usr/lib/python3.12/encodings/aliases.py first seen with mtime 1730917939.0
File /home/tt/Documentos/gameside/.venv/lib/python3.12/site-packages/django/utils/html.py first seen with mtime 1738706892.760659
File /home/tt/Documentos/gameside/categories/urls.py first seen with mtime 1739361814.843528
File /home/tt/Documentos/gameside/.venv/lib/python3.12/site-packages/django/utils/choices.py first seen with mtime 1738706892.760659
File /home/tt/Documentos/gameside/platforms/apps.py first seen with mtime 1738706813.655423
File /usr/lib/python3.12/asyncio/exceptions.py first seen with mtime 1730917939.0
File /usr/lib/python3.12/collections/__init__.py first seen with mtime 1730917939.0
File /usr/lib/python3.12/email/encoders.py first seen with mtime 1730917939.0
File /usr/lib/python3.12/_compat_pickle.py first seen with mtime 1730917939.0
File /usr/lib/python3.12/re/_compiler.py first seen with mtime 1730917939.0
File /home/tt/Documentos/gameside/.venv/lib/python3.12/site-packages/django/core/checks/templates.py first seen with mtime 1738706892.7086594
File /usr/lib/python3.12/difflib.py first seen with mtime 1730917939.0
File /usr/lib/python3.12/sqlite3/__init__.py first seen with mtime 1730917939.0
File /home/tt/Documentos/gameside/platforms/__init__.py first seen with mtime 1738706813.655423
File /home/tt/Documentos/gameside/.venv/lib/python3.12/site-packages/django/utils/_os.py first seen with mtime 1738706892.760659
File /home/tt/Documentos/gameside/.venv/lib/python3.12/site-packages/django/contrib/staticfiles/handlers.py first seen with mtime 1738706892.7006593
File /home/tt/Documentos/gameside/users/serializers.py first seen with mtime 1738706813.6714227
File /home/tt/Documentos/gameside/.venv/lib/python3.12/site-packages/django/contrib/messages/__init__.py first seen with mtime 1738706892.5846603
File /home/tt/Documentos/gameside/.venv/lib/python3.12/site-packages/django/db/migrations/operations/__init__.py first seen with mtime 1738706892.732659
File /home/tt/Documentos/gameside/.venv/lib/python3.12/site-packages/django/utils/ipv6.py first seen with mtime 1738706892.760659
File /home/tt/Documentos/gameside/.venv/lib/python3.12/site-packages/django/core/files/storage/base.py first seen with mtime 1738706892.7086594
File /usr/lib/python3.12/lib-dynload/_hashlib.cpython-312-x86_64-linux-gnu.so first seen with mtime 1730917939.0
File /usr/lib/python3.12/json/encoder.py first seen with mtime 1730917939.0
File /home/tt/Documentos/gameside/shared/__init__.py first seen with mtime 1738706813.655423
File /home/tt/Documentos/gameside/.venv/lib/python3.12/site-packages/django/db/backends/base/client.py first seen with mtime 1738706892.7236593
File /usr/lib/python3.12/asyncio/runners.py first seen with mtime 1730917939.0
File /home/tt/Documentos/gameside/.venv/lib/python3.12/site-packages/django/template/context.py first seen with mtime 1738706892.754659
File /usr/lib/python3.12/wsgiref/simple_server.py first seen with mtime 1730917939.0
File /usr/lib/python3.12/email/quoprimime.py first seen with mtime 1730917939.0
File /usr/lib/python3.12/lib-dynload/_bz2.cpython-312-x86_64-linux-gnu.so first seen with mtime 1730917939.0
File /usr/lib/python3.12/logging/__init__.py first seen with mtime 1730917939.0
File /home/tt/Documentos/gameside/categories/serializers.py first seen with mtime 1738706813.652423
File /home/tt/Documentos/gameside/.venv/lib/python3.12/site-packages/django/core/cache/__init__.py first seen with mtime 1738706892.7086594
File /home/tt/Documentos/gameside/.venv/lib/python3.12/site-packages/django/core/checks/security/__init__.py first seen with mtime 1738706892.7086594
File /home/tt/Documentos/gameside/.venv/lib/python3.12/site-packages/django/db/models/fields/related_descriptors.py first seen with mtime 1738706892.739659
File /home/tt/Documentos/gameside/.venv/lib/python3.12/site-packages/sqlparse/keywords.py first seen with mtime 1738706889.711682
File /home/tt/Documentos/gameside/.venv/lib/python3.12/site-packages/django/views/generic/dates.py first seen with mtime 1738706892.771659
File /home/tt/Documentos/gameside/.venv/lib/python3.12/site-packages/django/contrib/admin/__init__.py first seen with mtime 1738706892.1726632
File /usr/lib/python3.12/glob.py first seen with mtime 1730917939.0
File /home/tt/Documentos/gameside/.venv/lib/python3.12/site-packages/django/views/debug.py first seen with mtime 1738706892.7706587
File /home/tt/Documentos/gameside/.venv/lib/python3.12/site-packages/django/contrib/auth/tokens.py first seen with mtime 1738706892.346662
File /home/tt/Documentos/gameside/.venv/lib/python3.12/site-packages/django/db/models/functions/__init__.py first seen with mtime 1738706892.740659
File /home/tt/Documentos/gameside/.venv/lib/python3.12/site-packages/sqlparse/filters/aligned_indent.py first seen with mtime 1738706889.712682
File /usr/lib/python3.12/email/iterators.py first seen with mtime 1730917939.0
File /home/tt/Documentos/gameside/.venv/lib/python3.12/site-packages/django/forms/models.py first seen with mtime 1738706892.7416592
File /home/tt/Documentos/gameside/.venv/lib/python3.12/site-packages/django/template/exceptions.py first seen with mtime 1738706892.754659
File /usr/lib/python3.12/email/base64mime.py first seen with mtime 1730917939.0
File /usr/lib/python3.12/urllib/error.py first seen with mtime 1730917939.0
File /usr/lib/python3.12/asyncio/transports.py first seen with mtime 1730917939.0
File /home/tt/Documentos/gameside/.venv/lib/python3.12/site-packages/django/contrib/admin/apps.py first seen with mtime 1738706892.1736631
File /home/tt/Documentos/gameside/.venv/lib/python3.12/site-packages/django/db/backends/signals.py first seen with mtime 1738706892.722659
File /usr/lib/python3.12/re/_casefix.py first seen with mtime 1730917939.0
File /usr/lib/python3.12/asyncio/staggered.py first seen with mtime 1730917939.0
File /home/tt/Documentos/gameside/.venv/lib/python3.12/site-packages/django/contrib/contenttypes/__init__.py first seen with mtime 1738706892.3946617
File /usr/lib/python3.12/_markupbase.py first seen with mtime 1730917939.0
File /home/tt/Documentos/gameside/.venv/lib/python3.12/site-packages/django/core/serializers/json.py first seen with mtime 1738706892.7206593
File /home/tt/Documentos/gameside/.venv/lib/python3.12/site-packages/django/utils/functional.py first seen with mtime 1738706892.760659
File /usr/lib/python3.12/collections/abc.py first seen with mtime 1730917939.0
File /home/tt/Documentos/gameside/.venv/lib/python3.12/site-packages/sqlparse/engine/grouping.py first seen with mtime 1738706889.712682
File /usr/lib/python3.12/statistics.py first seen with mtime 1730917939.0
File /home/tt/Documentos/gameside/.venv/lib/python3.12/site-packages/django/core/files/utils.py first seen with mtime 1738706892.7086594
File /home/tt/Documentos/gameside/.venv/lib/python3.12/site-packages/django/contrib/admin/templatetags/log.py first seen with mtime 1738706892.2926624
File /home/tt/Documentos/gameside/.venv/lib/python3.12/site-packages/django/db/backends/sqlite3/operations.py first seen with mtime 1738706892.7286592
File /home/tt/Documentos/gameside/.venv/lib/python3.12/site-packages/django/utils/__init__.py first seen with mtime 1738706892.760659
File /home/tt/Documentos/gameside/categories/converters.py first seen with mtime 1739363368.0441604
File /home/tt/Documentos/gameside/.venv/lib/python3.12/site-packages/django/middleware/csrf.py first seen with mtime 1738706892.754659
File /home/tt/Documentos/gameside/.venv/lib/python3.12/site-packages/django/urls/converters.py first seen with mtime 1738706892.760659
File /home/tt/Documentos/gameside/.venv/lib/python3.12/site-packages/django/core/checks/urls.py first seen with mtime 1738706892.7086594
File /home/tt/Documentos/gameside/.venv/lib/python3.12/site-packages/django/utils/version.py first seen with mtime 1738706892.7686589
File /usr/lib/python3.12/re/_parser.py first seen with mtime 1730917939.0
File /home/tt/Documentos/gameside/.venv/lib/python3.12/site-packages/PIL/ExifTags.py first seen with mtime 1738706890.8096735
File /home/tt/Documentos/gameside/.venv/lib/python3.12/site-packages/django/conf/__init__.py first seen with mtime 1738706892.0926638
File /home/tt/Documentos/gameside/.venv/lib/python3.12/site-packages/django/contrib/staticfiles/finders.py first seen with mtime 1738706892.7006593
File /home/tt/Documentos/gameside/.venv/lib/python3.12/site-packages/django/utils/text.py first seen with mtime 1738706892.7686589
File /home/tt/Documentos/gameside/.venv/lib/python3.12/site-packages/django/core/checks/__init__.py first seen with mtime 1738706892.7086594
File /home/tt/Documentos/gameside/.venv/lib/python3.12/site-packages/django/core/files/uploadedfile.py first seen with mtime 1738706892.7086594
File /home/tt/Documentos/gameside/.venv/lib/python3.12/site-packages/django/contrib/messages/api.py first seen with mtime 1738706892.5846603
File /home/tt/Documentos/gameside/.venv/lib/python3.12/site-packages/django/contrib/admin/widgets.py first seen with mtime 1738706892.1736631
File /usr/lib/python3.12/tempfile.py first seen with mtime 1730917939.0
File /home/tt/Documentos/gameside/.venv/lib/python3.12/site-packages/django/views/decorators/csrf.py first seen with mtime 1738706892.771659
File /usr/lib/python3.12/asyncio/subprocess.py first seen with mtime 1730917939.0
File /usr/lib/python3.12/email/generator.py first seen with mtime 1730917939.0
File /usr/lib/python3.12/asyncio/unix_events.py first seen with mtime 1730917939.0
File /home/tt/Documentos/gameside/.venv/lib/python3.12/site-packages/django/forms/formsets.py first seen with mtime 1738706892.7416592
File /home/tt/Documentos/gameside/.venv/lib/python3.12/site-packages/django/db/backends/sqlite3/schema.py first seen with mtime 1738706892.7286592
File /home/tt/Documentos/gameside/.venv/lib/python3.12/site-packages/django/templatetags/__init__.py first seen with mtime 1738706892.754659
File /usr/lib/python3.12/asyncio/timeouts.py first seen with mtime 1730917939.0
File /usr/lib/python3.12/json/decoder.py first seen with mtime 1730917939.0
File /home/tt/Documentos/gameside/.venv/lib/python3.12/site-packages/django/utils/decorators.py first seen with mtime 1738706892.760659
File /home/tt/Documentos/gameside/.venv/lib/python3.12/site-packages/django/apps/__init__.py first seen with mtime 1738706892.0926638
File /home/tt/Documentos/gameside/.venv/lib/python3.12/site-packages/django/db/migrations/operations/special.py first seen with mtime 1738706892.732659
File /home/tt/Documentos/gameside/.venv/lib/python3.12/site-packages/colorfield/metadata.py first seen with mtime 1738706892.052664
File /home/tt/Documentos/gameside/.venv/lib/python3.12/site-packages/django/contrib/sessions/middleware.py first seen with mtime 1738706892.6456597
File /home/tt/Documentos/gameside/.venv/lib/python3.12/site-packages/asgiref/__init__.py first seen with mtime 1738706891.2956698
File /home/tt/Documentos/gameside/.venv/lib/python3.12/site-packages/django/db/models/functions/math.py first seen with mtime 1738706892.740659
File /usr/lib/python3.12/concurrent/futures/_base.py first seen with mtime 1730917939.0
File /home/tt/Documentos/gameside/.venv/lib/python3.12/site-packages/django/contrib/auth/validators.py first seen with mtime 1738706892.346662
File /home/tt/Documentos/gameside/.venv/lib/python3.12/site-packages/django/db/models/aggregates.py first seen with mtime 1738706892.732659
File /usr/lib/python3.12/email/utils.py first seen with mtime 1730917939.0
File /usr/lib/python3.12/signal.py first seen with mtime 1730917939.0
File /usr/lib/python3.12/socket.py first seen with mtime 1730917939.0
File /usr/lib/python3.12/lzma.py first seen with mtime 1730917939.0
File /home/tt/Documentos/gameside/.venv/lib/python3.12/site-packages/django/core/checks/files.py first seen with mtime 1738706892.7086594
File /usr/lib/python3.12/struct.py first seen with mtime 1730917939.0
File /usr/lib/python3.12/subprocess.py first seen with mtime 1730917939.0
File /home/tt/Documentos/gameside/.venv/lib/python3.12/site-packages/django/contrib/auth/admin.py first seen with mtime 1738706892.342662
File /home/tt/Documentos/gameside/.venv/lib/python3.12/site-packages/django/contrib/sites/requests.py first seen with mtime 1738706892.6776595
File /home/tt/Documentos/gameside/.venv/lib/python3.12/site-packages/django/db/models/fields/mixins.py first seen with mtime 1738706892.739659
File /home/tt/Documentos/gameside/platforms/admin.py first seen with mtime 1738706813.655423
File /usr/lib/python3.12/numbers.py first seen with mtime 1730917939.0
File /home/tt/Documentos/gameside/main/__init__.py first seen with mtime 1738706813.6544228
File /usr/lib/python3.12/asyncio/mixins.py first seen with mtime 1730917939.0
File /home/tt/Documentos/gameside/.venv/lib/python3.12/site-packages/django/core/serializers/base.py first seen with mtime 1738706892.7146592
File /home/tt/Documentos/gameside/.venv/lib/python3.12/site-packages/sqlparse/formatter.py first seen with mtime 1738706889.711682
File /usr/lib/python3.12/lib-dynload/_queue.cpython-312-x86_64-linux-gnu.so first seen with mtime 1730917939.0
File /home/tt/Documentos/gameside/.venv/lib/python3.12/site-packages/django/db/backends/sqlite3/client.py first seen with mtime 1738706892.7286592
File /home/tt/Documentos/gameside/.venv/lib/python3.12/site-packages/django/db/models/functions/window.py first seen with mtime 1738706892.7416592
File /home/tt/Documentos/gameside/.venv/lib/python3.12/site-packages/django/db/backends/utils.py first seen with mtime 1738706892.722659
File /home/tt/Documentos/gameside/.venv/lib/python3.12/site-packages/django/contrib/admin/options.py first seen with mtime 1738706892.1736631
File /usr/lib/python3.12/email/mime/text.py first seen with mtime 1730917939.0
File /usr/lib/python3.12/contextlib.py first seen with mtime 1730917939.0
File /home/tt/Documentos/gameside/.venv/lib/python3.12/site-packages/django/http/multipartparser.py first seen with mtime 1738706892.754659
File /home/tt/Documentos/gameside/games/apps.py first seen with mtime 1738706813.6544228
File /usr/lib/python3.12/dataclasses.py first seen with mtime 1730917939.0
File /home/tt/Documentos/gameside/.venv/lib/python3.12/site-packages/django/contrib/staticfiles/management/__init__.py first seen with mtime 1738706892.7006593
File /home/tt/Documentos/gameside/.venv/lib/python3.12/site-packages/django/db/migrations/__init__.py first seen with mtime 1738706892.7286592
File /usr/lib/python3.12/textwrap.py first seen with mtime 1730917939.0
File /home/tt/Documentos/gameside/.venv/lib/python3.12/site-packages/django/db/models/sql/where.py first seen with mtime 1738706892.7416592
File /home/tt/Documentos/gameside/.venv/lib/python3.12/site-packages/django/views/i18n.py first seen with mtime 1738706892.7706587
File /usr/lib/python3.12/functools.py first seen with mtime 1730917939.0
File /home/tt/Documentos/gameside/.venv/lib/python3.12/site-packages/django/contrib/sessions/apps.py first seen with mtime 1738706892.6456597
File /home/tt/Documentos/gameside/.venv/lib/python3.12/site-packages/django/contrib/sessions/models.py first seen with mtime 1738706892.6456597
File /home/tt/Documentos/gameside/.venv/lib/python3.12/site-packages/django/contrib/admin/sites.py first seen with mtime 1738706892.1736631
File /home/tt/Documentos/gameside/.venv/lib/python3.12/site-packages/django/contrib/sites/shortcuts.py first seen with mtime 1738706892.6776595
File /home/tt/Documentos/gameside/.venv/lib/python3.12/site-packages/django/db/models/utils.py first seen with mtime 1738706892.737659
File /home/tt/Documentos/gameside/.venv/lib/python3.12/site-packages/django/contrib/staticfiles/management/commands/runserver.py first seen with mtime 1738706892.7006593
File /usr/lib/python3.12/threading.py first seen with mtime 1730917939.0
File /usr/lib/python3.12/pickle.py first seen with mtime 1730917939.0
File /home/tt/Documentos/gameside/.venv/lib/python3.12/site-packages/django/contrib/auth/signals.py first seen with mtime 1738706892.346662
File /home/tt/Documentos/gameside/.venv/lib/python3.12/site-packages/sqlparse/tokens.py first seen with mtime 1738706889.711682
File /home/tt/Documentos/gameside/.venv/lib/python3.12/site-packages/django/utils/deconstruct.py first seen with mtime 1738706892.760659
File /home/tt/Documentos/gameside/.venv/lib/python3.12/site-packages/asgiref/current_thread_executor.py first seen with mtime 1738706891.2956698
File /home/tt/Documentos/gameside/.venv/lib/python3.12/site-packages/django/db/models/manager.py first seen with mtime 1738706892.736659
File /home/tt/Documentos/gameside/shared/admin.py first seen with mtime 1738706813.6564229
File /home/tt/Documentos/gameside/main/urls.py first seen with mtime 1739362603.407548
File /home/tt/Documentos/gameside/categories/__init__.py first seen with mtime 1738706813.6514227
File /home/tt/Documentos/gameside/.venv/lib/python3.12/site-packages/django/forms/__init__.py first seen with mtime 1738706892.7416592
File /home/tt/Documentos/gameside/.venv/lib/python3.12/site-packages/django/db/backends/sqlite3/base.py first seen with mtime 1738706892.7286592
File /usr/lib/python3.12/importlib/__init__.py first seen with mtime 1730917939.0
File /home/tt/Documentos/gameside/.venv/lib/python3.12/site-packages/django/contrib/auth/backends.py first seen with mtime 1738706892.342662
File /home/tt/Documentos/gameside/.venv/lib/python3.12/site-packages/django/forms/fields.py first seen with mtime 1738706892.7416592
File /home/tt/Documentos/gameside/.venv/lib/python3.12/site-packages/django/template/smartif.py first seen with mtime 1738706892.754659
File /usr/lib/python3.12/ssl.py first seen with mtime 1730917939.0
File /usr/lib/python3.12/http/server.py first seen with mtime 1730917939.0
File /home/tt/Documentos/gameside/.venv/lib/python3.12/site-packages/django/contrib/auth/__init__.py first seen with mtime 1738706892.342662
File /home/tt/Documentos/gameside/.venv/lib/python3.12/site-packages/django/db/models/constants.py first seen with mtime 1738706892.732659
File /home/tt/Documentos/gameside/.venv/lib/python3.12/site-packages/django/core/checks/messages.py first seen with mtime 1738706892.7086594
File /home/tt/Documentos/gameside/.venv/lib/python3.12/site-packages/sqlparse/exceptions.py first seen with mtime 1738706889.711682
File /home/tt/Documentos/gameside/.venv/lib/python3.12/site-packages/django/contrib/contenttypes/management/__init__.py first seen with mtime 1738706892.4376612
File /usr/lib/python3.12/email/mime/multipart.py first seen with mtime 1730917939.0
File /home/tt/Documentos/gameside/.venv/lib/python3.12/site-packages/django/db/backends/sqlite3/features.py first seen with mtime 1738706892.7286592
File /home/tt/Documentos/gameside/.venv/lib/python3.12/site-packages/django/contrib/sessions/base_session.py first seen with mtime 1738706892.6456597
File /home/tt/Documentos/gameside/.venv/lib/python3.12/site-packages/django/dispatch/dispatcher.py first seen with mtime 1738706892.7416592
File /home/tt/Documentos/gameside/.venv/lib/python3.12/site-packages/django/templatetags/tz.py first seen with mtime 1738706892.760659
File /home/tt/Documentos/gameside/.venv/lib/python3.12/site-packages/django/db/backends/base/introspection.py first seen with mtime 1738706892.7236593
File /home/tt/Documentos/gameside/.venv/lib/python3.12/site-packages/django/contrib/messages/storage/__init__.py first seen with mtime 1738706892.5846603
File /usr/lib/python3.12/lib-dynload/_contextvars.cpython-312-x86_64-linux-gnu.so first seen with mtime 1730917939.0
File /usr/lib/python3.12/asyncio/tasks.py first seen with mtime 1730917939.0
File /usr/lib/python3.12/traceback.py first seen with mtime 1730917939.0
File /usr/lib/python3.12/shutil.py first seen with mtime 1730917939.0
File /home/tt/Documentos/gameside/.venv/lib/python3.12/site-packages/PIL/ImageMode.py first seen with mtime 1738706890.8266733
File /home/tt/Documentos/gameside/games/serializers.py first seen with mtime 1739274366.371721
File /home/tt/Documentos/gameside/.venv/lib/python3.12/site-packages/django/core/checks/security/csrf.py first seen with mtime 1738706892.7086594
File /usr/lib/python3.12/ipaddress.py first seen with mtime 1730917939.0
File /home/tt/Documentos/gameside/.venv/lib/python3.12/site-packages/django/contrib/admin/decorators.py first seen with mtime 1738706892.1736631
File /home/tt/Documentos/gameside/.venv/lib/python3.12/site-packages/django/db/backends/sqlite3/introspection.py first seen with mtime 1738706892.7286592
File /home/tt/Documentos/gameside/.venv/lib/python3.12/site-packages/django/db/models/base.py first seen with mtime 1738706892.732659
File /usr/lib/python3.12/hashlib.py first seen with mtime 1730917939.0
File /home/tt/Documentos/gameside/.venv/lib/python3.12/site-packages/django/utils/dates.py first seen with mtime 1738706892.760659
File /usr/lib/python3.12/http/__init__.py first seen with mtime 1730917939.0
File /home/tt/Documentos/gameside/.venv/lib/python3.12/site-packages/django/db/models/fields/__init__.py first seen with mtime 1738706892.737659
File /home/tt/Documentos/gameside/.venv/lib/python3.12/site-packages/django/apps/config.py first seen with mtime 1738706892.0926638
File /home/tt/Documentos/gameside/.venv/lib/python3.12/site-packages/django/contrib/admin/templatetags/admin_modify.py first seen with mtime 1738706892.2926624
File /home/tt/Documentos/gameside/.venv/lib/python3.12/site-packages/django/db/backends/sqlite3/__init__.py first seen with mtime 1738706892.7286592
File /usr/lib/python3.12/ast.py first seen with mtime 1730917939.0
File /home/tt/Documentos/gameside/.venv/lib/python3.12/site-packages/django/db/backends/ddl_references.py first seen with mtime 1738706892.722659
File /home/tt/Documentos/gameside/.venv/lib/python3.12/site-packages/django/urls/__init__.py first seen with mtime 1738706892.760659
File /usr/lib/python3.12/platform.py first seen with mtime 1730917939.0
File /usr/lib/python3.12/copyreg.py first seen with mtime 1730917939.0
File /home/tt/Documentos/gameside/categories/admin.py first seen with mtime 1738706813.6514227
File /home/tt/Documentos/gameside/.venv/lib/python3.12/site-packages/sqlparse/filters/output.py first seen with mtime 1738706889.712682
File /home/tt/Documentos/gameside/.venv/lib/python3.12/site-packages/django/utils/translation/__init__.py first seen with mtime 1738706892.7686589
File /usr/lib/python3.12/sqlite3/dbapi2.py first seen with mtime 1730917939.0
File /home/tt/Documentos/gameside/.venv/lib/python3.12/site-packages/django/db/models/enums.py first seen with mtime 1738706892.7346592
File /home/tt/Documentos/gameside/shared/decorators.py first seen with mtime 1739132917.9085631
File /home/tt/Documentos/gameside/games/__init__.py first seen with mtime 1738706813.6544228
File /usr/lib/python3.12/datetime.py first seen with mtime 1730917939.0
File /home/tt/Documentos/gameside/orders/admin.py first seen with mtime 1738706813.6544228
File /usr/lib/python3.12/sysconfig.py first seen with mtime 1730917939.0
File /usr/lib/python3.12/bz2.py first seen with mtime 1730917939.0
File /usr/lib/python3.12/multiprocessing/process.py first seen with mtime 1730917939.0
File /home/tt/Documentos/gameside/.venv/lib/python3.12/site-packages/django/forms/widgets.py first seen with mtime 1738706892.744659
File /usr/lib/python3.12/fnmatch.py first seen with mtime 1730917939.0
File /home/tt/Documentos/gameside/.venv/lib/python3.12/site-packages/django/db/backends/base/validation.py first seen with mtime 1738706892.7236593
File /home/tt/Documentos/gameside/.venv/lib/python3.12/site-packages/sqlparse/filters/others.py first seen with mtime 1738706889.712682
File /usr/lib/python3.12/concurrent/futures/__init__.py first seen with mtime 1730917939.0
File /home/tt/Documentos/gameside/.venv/lib/python3.12/site-packages/sqlparse/sql.py first seen with mtime 1738706889.711682
File /etc/python3.12/sitecustomize.py first seen with mtime 1712727227.0
File /usr/lib/python3.12/base64.py first seen with mtime 1730917939.0
File /home/tt/Documentos/gameside/main/settings.py first seen with mtime 1739363432.3673851
File /usr/lib/python3.12/json/__init__.py first seen with mtime 1730917939.0
File /home/tt/Documentos/gameside/.venv/lib/python3.12/site-packages/django/contrib/auth/base_user.py first seen with mtime 1738706892.342662
File /home/tt/Documentos/gameside/.venv/lib/python3.12/site-packages/sqlparse/engine/statement_splitter.py first seen with mtime 1738706889.712682
File /home/tt/Documentos/gameside/.venv/lib/python3.12/site-packages/django/db/models/signals.py first seen with mtime 1738706892.737659
File /home/tt/Documentos/gameside/.venv/lib/python3.12/site-packages/django/urls/resolvers.py first seen with mtime 1738706892.760659
File /home/tt/Documentos/gameside/.venv/lib/python3.12/site-packages/colorfield/__init__.py first seen with mtime 1738706892.052664
File /usr/lib/python3.12/random.py first seen with mtime 1730917939.0
File /usr/lib/python3.12/weakref.py first seen with mtime 1730917939.0
File /home/tt/Documentos/gameside/.venv/lib/python3.12/site-packages/django/core/handlers/base.py first seen with mtime 1738706892.7086594
File /home/tt/Documentos/gameside/.venv/lib/python3.12/site-packages/django/db/backends/base/operations.py first seen with mtime 1738706892.7236593
File /home/tt/Documentos/gameside/.venv/lib/python3.12/site-packages/django/db/models/fields/files.py first seen with mtime 1738706892.737659
File /usr/lib/python3.12/asyncio/selector_events.py first seen with mtime 1730917939.0
File /home/tt/Documentos/gameside/.venv/lib/python3.12/site-packages/django/utils/termcolors.py first seen with mtime 1738706892.7686589
File /home/tt/Documentos/gameside/.venv/lib/python3.12/site-packages/django/core/checks/compatibility/__init__.py first seen with mtime 1738706892.7086594
File /usr/lib/python3.12/lib-dynload/_json.cpython-312-x86_64-linux-gnu.so first seen with mtime 1730917939.0
File /home/tt/Documentos/gameside/.venv/lib/python3.12/site-packages/colorfield/templates/colorfield first seen with mtime 1738706892.0576642
File /home/tt/Documentos/gameside/.venv/lib/python3.12/site-packages/colorfield/templates/colorfield/color.html first seen with mtime 1738706892.0576642
File /home/tt/Documentos/gameside/.venv/lib/python3.12/site-packages/colorfield/locale/it/LC_MESSAGES/django.mo first seen with mtime 1738706892.056664
File /home/tt/Documentos/gameside/.venv/lib/python3.12/site-packages/colorfield/locale/en/LC_MESSAGES/django.mo first seen with mtime 1738706892.056664
File /usr/lib/python3.12/stringprep.py first seen with mtime 1730917939.0
File /home/tt/Documentos/gameside/categories/migrations/0001_initial.py first seen with mtime 1738706813.6514227
File /home/tt/Documentos/gameside/.venv/lib/python3.12/site-packages/django/views/defaults.py first seen with mtime 1738706892.7706587
File /home/tt/Documentos/gameside/users/migrations/0001_initial.py first seen with mtime 1738706813.6714227
File /home/tt/Documentos/gameside/orders/migrations/0002_alter_order_status.py first seen with mtime 1738706813.655423
File /home/tt/Documentos/gameside/main/wsgi.py first seen with mtime 1738706813.6544228
File /home/tt/Documentos/gameside/.venv/lib/python3.12/site-packages/django/contrib/auth/migrations/0011_update_proxy_permissions.py first seen with mtime 1738706892.3946617
File /home/tt/Documentos/gameside/.venv/lib/python3.12/site-packages/django/contrib/contenttypes/migrations/0001_initial.py first seen with mtime 1738706892.4376612
File /home/tt/Documentos/gameside/platforms/migrations/0002_alter_platform_logo_alter_platform_slug.py first seen with mtime 1738706813.655423
File /home/tt/Documentos/gameside/categories/migrations/__init__.py first seen with mtime 1738706813.6514227
File /home/tt/Documentos/gameside/.venv/lib/python3.12/site-packages/django/contrib/contenttypes/migrations/__init__.py first seen with mtime 1738706892.4376612
File /home/tt/Documentos/gameside/.venv/lib/python3.12/site-packages/django/contrib/auth/migrations/0006_require_contenttypes_0002.py first seen with mtime 1738706892.3946617
File /home/tt/Documentos/gameside/.venv/lib/python3.12/site-packages/django/middleware/clickjacking.py first seen with mtime 1738706892.754659
File /home/tt/Documentos/gameside/.venv/lib/python3.12/site-packages/django/contrib/admin/migrations/0001_initial.py first seen with mtime 1738706892.2546625
File /home/tt/Documentos/gameside/platforms/migrations/0001_initial.py first seen with mtime 1738706813.655423
File /home/tt/Documentos/gameside/.venv/lib/python3.12/site-packages/django/contrib/admin/migrations/0003_logentry_add_action_flag_choices.py first seen with mtime 1738706892.2546625
File /home/tt/Documentos/gameside/.venv/lib/python3.12/site-packages/django/contrib/auth/migrations/0005_alter_user_last_login_null.py first seen with mtime 1738706892.3946617
File /home/tt/Documentos/gameside/games/migrations/0002_alter_game_cover_alter_game_slug.py first seen with mtime 1738706813.6544228
File /home/tt/Documentos/gameside/categories/migrations/0002_alter_category_color.py first seen with mtime 1738706813.6514227
File /home/tt/Documentos/gameside/games/migrations/0003_rename_user_review_author.py first seen with mtime 1738706813.6544228
File /home/tt/Documentos/gameside/.venv/lib/python3.12/site-packages/django/contrib/auth/migrations/0012_alter_user_first_name_max_length.py first seen with mtime 1738706892.3946617
File /home/tt/Documentos/gameside/shared/migrations/__init__.py first seen with mtime 1738706813.6564229
File /home/tt/Documentos/gameside/orders/migrations/__init__.py first seen with mtime 1738706813.655423
File /home/tt/Documentos/gameside/.venv/lib/python3.12/site-packages/django/contrib/messages/middleware.py first seen with mtime 1738706892.5846603
File /home/tt/Documentos/gameside/games/migrations/0006_review_updated_at.py first seen with mtime 1738706813.6544228
File /home/tt/Documentos/gameside/games/migrations/0001_initial.py first seen with mtime 1738706813.6544228
File /home/tt/Documentos/gameside/platforms/migrations/__init__.py first seen with mtime 1738706813.655423
File /home/tt/Documentos/gameside/.venv/lib/python3.12/site-packages/django/contrib/sessions/exceptions.py first seen with mtime 1738706892.6456597
File /home/tt/Documentos/gameside/orders/migrations/0001_initial.py first seen with mtime 1738706813.655423
File /home/tt/Documentos/gameside/.venv/lib/python3.12/site-packages/django/contrib/auth/migrations/0007_alter_validators_add_error_messages.py first seen with mtime 1738706892.3946617
File /home/tt/Documentos/gameside/.venv/lib/python3.12/site-packages/django/db/migrations/recorder.py first seen with mtime 1738706892.732659
File /home/tt/Documentos/gameside/.venv/lib/python3.12/site-packages/django/contrib/auth/migrations/0003_alter_user_email_max_length.py first seen with mtime 1738706892.3946617
File /home/tt/Documentos/gameside/.venv/lib/python3.12/site-packages/django/db/migrations/loader.py first seen with mtime 1738706892.7286592
File /home/tt/Documentos/gameside/orders/migrations/0004_alter_order_status.py first seen with mtime 1738706813.655423
File /usr/lib/python3.12/encodings/idna.py first seen with mtime 1730917939.0
File /home/tt/Documentos/gameside/.venv/lib/python3.12/site-packages/django/contrib/auth/migrations/0009_alter_user_last_name_max_length.py first seen with mtime 1738706892.3946617
File /home/tt/Documentos/gameside/.venv/lib/python3.12/site-packages/django/contrib/admin/migrations/__init__.py first seen with mtime 1738706892.2546625
File /home/tt/Documentos/gameside/games/migrations/0008_alter_game_cover_alter_review_rating.py first seen with mtime 1738706813.6544228
File /home/tt/Documentos/gameside/.venv/lib/python3.12/site-packages/django/db/migrations/graph.py first seen with mtime 1738706892.7286592
File /home/tt/Documentos/gameside/.venv/lib/python3.12/site-packages/django/contrib/admin/migrations/0002_logentry_remove_auto_add.py first seen with mtime 1738706892.2546625
File /home/tt/Documentos/gameside/.venv/lib/python3.12/site-packages/django/db/models/sql/compiler.py first seen with mtime 1738706892.7416592
File /home/tt/Documentos/gameside/.venv/lib/python3.12/site-packages/django/contrib/auth/migrations/0001_initial.py first seen with mtime 1738706892.3946617
File /home/tt/Documentos/gameside/platforms/migrations/0003_alter_platform_logo.py first seen with mtime 1738706813.655423
File /home/tt/Documentos/gameside/.venv/lib/python3.12/site-packages/django/contrib/sessions/backends/base.py first seen with mtime 1738706892.6456597
File /home/tt/Documentos/gameside/.venv/lib/python3.12/site-packages/django/contrib/auth/migrations/0008_alter_user_username_max_length.py first seen with mtime 1738706892.3946617
File /home/tt/Documentos/gameside/.venv/lib/python3.12/site-packages/django/contrib/sessions/migrations/0001_initial.py first seen with mtime 1738706892.6676595
File /home/tt/Documentos/gameside/games/migrations/0007_alter_game_pegi.py first seen with mtime 1738706813.6544228
File /home/tt/Documentos/gameside/.venv/lib/python3.12/site-packages/django/contrib/sessions/backends/db.py first seen with mtime 1738706892.6456597
File /home/tt/Documentos/gameside/.venv/lib/python3.12/site-packages/django/contrib/sessions/migrations/__init__.py first seen with mtime 1738706892.6676595
File /home/tt/Documentos/gameside/.venv/lib/python3.12/site-packages/django/conf/urls/__init__.py first seen with mtime 1738706892.1726632
File /home/tt/Documentos/gameside/games/migrations/0004_alter_game_price.py first seen with mtime 1738706813.6544228
File /home/tt/Documentos/gameside/.venv/lib/python3.12/site-packages/django/contrib/auth/migrations/0010_alter_group_name_max_length.py first seen with mtime 1738706892.3946617
File /home/tt/Documentos/gameside/orders/migrations/0003_alter_order_status.py first seen with mtime 1738706813.655423
File /home/tt/Documentos/gameside/.venv/lib/python3.12/site-packages/django/contrib/auth/migrations/0002_alter_permission_name_max_length.py first seen with mtime 1738706892.3946617
File /home/tt/Documentos/gameside/games/migrations/0005_review_created_at.py first seen with mtime 1738706813.6544228
File /home/tt/Documentos/gameside/.venv/lib/python3.12/site-packages/django/contrib/contenttypes/migrations/0002_remove_content_type_name.py first seen with mtime 1738706892.4376612
File /home/tt/Documentos/gameside/shared/views.py first seen with mtime 1739362891.4622097
File /home/tt/Documentos/gameside/.venv/lib/python3.12/site-packages/django/contrib/auth/migrations/0004_alter_user_username_opts.py first seen with mtime 1738706892.3946617
File /home/tt/Documentos/gameside/.venv/lib/python3.12/site-packages/django/views/csrf.py first seen with mtime 1738706892.7706587
File /home/tt/Documentos/gameside/users/migrations/__init__.py first seen with mtime 1738706813.6714227
File /home/tt/Documentos/gameside/games/migrations/__init__.py first seen with mtime 1738706813.6544228
File /home/tt/Documentos/gameside/.venv/lib/python3.12/site-packages/django/db/migrations/executor.py first seen with mtime 1738706892.7286592
File /home/tt/Documentos/gameside/.venv/lib/python3.12/site-packages/django/contrib/auth/migrations/__init__.py first seen with mtime 1738706892.3946617
Internal Server Error: /api/categories/rekjal/
"GET /api/categories/rekjal/ HTTP/1.1" 500 145
File /home/tt/Documentos/gameside/.venv/lib/python3.12/site-packages/django/contrib/messages/storage/fallback.py first seen with mtime 1738706892.5846603
File /home/tt/Documentos/gameside/.venv/lib/python3.12/site-packages/django/contrib/messages/storage/session.py first seen with mtime 1738706892.5846603
File /home/tt/Documentos/gameside/.venv/lib/python3.12/site-packages/django/contrib/messages/storage/cookie.py first seen with mtime 1738706892.5846603
File /home/tt/Documentos/gameside/.venv/lib/python3.12/site-packages/django/contrib/sessions/serializers.py first seen with mtime 1738706892.6456597
File /home/tt/Documentos/gameside/main/settings.py previous mtime: 1739363432.3673851, current mtime: 1739363447.2524385
/home/tt/Documentos/gameside/main/settings.py notified as changed. Signal results: [(<function template_changed at 0x7a5ac5840fe0>, None), (<function translation_file_changed at 0x7a5ac4f40180>, None)].
/home/tt/Documentos/gameside/main/settings.py changed, reloading.
